<?xml version="1.0" encoding="UTF-8"?>
<testsuite xmlns:xsi="http://www.w3.org/2001/XMLSchema-instance" xsi:noNamespaceSchemaLocation="https://maven.apache.org/surefire/maven-surefire-plugin/xsd/surefire-test-report-3.0.xsd" version="3.0" name="TestSuite" time="0.562" tests="3" errors="0" skipped="0" failures="0">
  <properties>
[...]
</properties>
  <testcase name="Launch" classname="Cars.Audi_Test" time="0.007">
    <system-out><![CDATA[Audi Test Executed
]]></system-out>
    <system-err><![CDATA[SLF4J: Failed to load class "org.slf4j.impl.StaticLoggerBinder".
SLF4J: Defaulting to no-operation (NOP) logger implementation
SLF4J: See http://www.slf4j.org/codes.html#StaticLoggerBinder for further details.
]]></system-err>
  </testcase>
  <testcase name="launch" classname="Cars.Ferrari_Test" time="0.001">
    <system-out><![CDATA[Ferrari Test Executed
]]></system-out>
  </testcase>
  <testcase name="launch" classname="Cars.Lamborgini_Test" time="0.002">
    <system-out><![CDATA[Lamborgini Test Executed
]]></system-out>
  </testcase>
</testsuite>