<?xml version="1.0" encoding="UTF-8"?>
<!-- Generated by org.testng.reporters.JUnitXMLReporter -->
<testsuite ignored="0" hostname="Manikandan" failures="0" tests="3" name="Surefire test" time="0.065" errors="0" timestamp="2024-11-19T11:48:47 IST">
  <testcase classname="Cars.Audi_Test" name="Launch" time="0.005"/>
  <testcase classname="Cars.Ferrari_Test" name="launch" time="0.001"/>
  <testcase classname="Cars.Lamborgini_Test" name="launch" time="0.001"/>
</testsuite> <!-- Surefire test -->
